#
# There is insufficient memory for the Java Runtime Environment to continue.
# Native memory allocation (mmap) failed to map 90177536 bytes for Failed to commit area from 0x000000008b200000 to 0x0000000090800000 of length 90177536.
# Possible reasons:
#   The system is out of physical RAM or swap space
#   The process is running with CompressedOops enabled, and the Java Heap may be blocking the growth of the native heap
# Possible solutions:
#   Reduce memory load on the system
#   Increase physical memory or swap space
#   Check if swap backing store is full
#   Decrease Java heap size (-Xmx/-Xms)
#   Decrease number of Java threads
#   Decrease Java thread stack sizes (-Xss)
#   Set larger code cache with -XX:ReservedCodeCacheSize=
#   JVM is running with Unscaled Compressed Oops mode in which the Java heap is
#     placed in the first 4GB address space. The Java Heap base address is the
#     maximum limit for the native heap growth. Please use -XX:HeapBaseMinAddress
#     to set the Java Heap base and to place the Java Heap above 4GB virtual address.
# This output file may be truncated or incomplete.
#
#  Out of Memory Error (t:/workspace/hotspot/src/os/windows/vm/os_windows.cpp:3357), pid=17016, tid=5992
#
# JRE version: Java(TM) SE Runtime Environment (9.0+11) (build 9.0.1+11)
# Java VM: Java HotSpot(TM) 64-Bit Server VM (9.0.1+11, mixed mode, tiered, compressed oops, g1 gc, windows-amd64)
# No core dump will be written. Minidumps are not enabled by default on client versions of Windows
#

---------------  S U M M A R Y ------------

Command Line: -Dcom.sun.management.jmxremote -Dcom.sun.management.jmxremote.port=50899 -Dcom.sun.management.jmxremote.authenticate=false -Dcom.sun.management.jmxremote.ssl=false -Djava.rmi.server.hostname=localhost -Dspring.jmx.enabled=true -Dspring.liveBeansView.mbeanDomain -Dspring.application.admin.enabled=true -Xverify:none -XX:TieredStopAtLevel=1 -Dspring.boot.project.name=creditcardservice -Dfile.encoding=UTF-8 com.example.creditcardservice.CreditCardServiceApplication --spring.output.ansi.enabled=always

Host: Intel(R) Xeon(R) Gold 6154 CPU @ 3.00GHz, 2 cores, 7G,  Windows 10 , 64 bit Build 17134 (10.0.17134.753)
Time: Mon Mar 16 16:15:52 2020 India Standard Time elapsed time: 2 seconds (0d 0h 0m 2s)

---------------  T H R E A D  ---------------

Current thread (0x000001f6ffeb1000):  VMThread "VM Thread" [stack: 0x0000009cd3500000,0x0000009cd3600000] [id=5992]

Stack: [0x0000009cd3500000,0x0000009cd3600000]
[error occurred during error reporting (printing stack bounds), id 0xe0000002]

Native frames: (J=compiled Java code, j=interpreted, Vv=VM code, C=native code)
V  [jvm.dll+0x5870b8]
V  [jvm.dll+0x69c0ee]
V  [jvm.dll+0x69d00a]
V  [jvm.dll+0x69cb95]
V  [jvm.dll+0x69d5ab]
V  [jvm.dll+0x586916]
V  [jvm.dll+0x586ce8]
C  [ntdll.dll+0x9f7fd]
C  [ntdll.dll+0xd856]
C  [ntdll.dll+0x9e72e]
C  0x000001f680000e2a

VM_Operation (0x0000009cd47fe500): G1IncCollectionPause, mode: safepoint, requested by thread 0x000001f6975d5000


---------------  P R O C E S S  ---------------

Java Threads: ( => current thread )
  0x000001f6975d5000 JavaThread "HikariPool-1 connection adder" daemon [_thread_blocked, id=17272, stack(0x0000009cd4700000,0x0000009cd4800000)]
  0x000001f69776e000 JavaThread "container-0" [_thread_blocked, id=6684, stack(0x0000009cd4600000,0x0000009cd4700000)]
  0x000001f69776d800 JavaThread "Catalina-utility-2" [_thread_blocked, id=17944, stack(0x0000009cd4500000,0x0000009cd4600000)]
  0x000001f6977d8800 JavaThread "Catalina-utility-1" [_thread_blocked, id=8432, stack(0x0000009cd4400000,0x0000009cd4500000)]
  0x000001f6975ef800 JavaThread "HikariPool-1 housekeeper" daemon [_thread_blocked, id=7836, stack(0x0000009cd4300000,0x0000009cd4400000)]
  0x000001f695eb7000 JavaThread "RMI TCP Accept-0" daemon [_thread_in_native, id=9552, stack(0x0000009cd4100000,0x0000009cd4200000)]
  0x000001f695ebc000 JavaThread "RMI TCP Accept-50899" daemon [_thread_in_native, id=19944, stack(0x0000009cd4000000,0x0000009cd4100000)]
  0x000001f695ea7800 JavaThread "RMI TCP Accept-0" daemon [_thread_in_native, id=11516, stack(0x0000009cd3f00000,0x0000009cd4000000)]
  0x000001f6958b2000 JavaThread "Service Thread" daemon [_thread_blocked, id=5176, stack(0x0000009cd3e00000,0x0000009cd3f00000)]
  0x000001f6fff97000 JavaThread "Common-Cleaner" daemon [_thread_blocked, id=16968, stack(0x0000009cd3d00000,0x0000009cd3e00000)]
  0x000001f6fff1b000 JavaThread "Sweeper thread" daemon [_thread_blocked, id=16872, stack(0x0000009cd3c00000,0x0000009cd3d00000)]
  0x000001f6fff17800 JavaThread "C1 CompilerThread1" daemon [_thread_blocked, id=20244, stack(0x0000009cd3b00000,0x0000009cd3c00000)]
  0x000001f6ffefa000 JavaThread "C1 CompilerThread0" daemon [_thread_blocked, id=18136, stack(0x0000009cd3a00000,0x0000009cd3b00000)]
  0x000001f6ffef9000 JavaThread "Attach Listener" daemon [_thread_blocked, id=16320, stack(0x0000009cd3900000,0x0000009cd3a00000)]
  0x000001f6ffef7800 JavaThread "Signal Dispatcher" daemon [_thread_blocked, id=5068, stack(0x0000009cd3800000,0x0000009cd3900000)]
  0x000001f6ffeef000 JavaThread "Finalizer" daemon [_thread_blocked, id=12268, stack(0x0000009cd3700000,0x0000009cd3800000)]
  0x000001f6ffedc800 JavaThread "Reference Handler" daemon [_thread_blocked, id=2028, stack(0x0000009cd3600000,0x0000009cd3700000)]
  0x000001f6f62c7000 JavaThread "main" [_thread_blocked, id=20012, stack(0x0000009cd2d00000,0x0000009cd2e00000)]

Other Threads:
=>0x000001f6ffeb1000 VMThread "VM Thread" [stack: 0x0000009cd3500000,0x0000009cd3600000] [id=5992]
  0x000001f695e10000 WatcherThread [stack: 0x0000009cd4200000,0x0000009cd4300000] [id=7076]
  0x000001f6f62dd800 GCTaskThread "GC Thread#0" [stack: 0x0000009cd2e00000,0x0000009cd2f00000] [id=5344]
  0x000001f6f62df000 GCTaskThread "GC Thread#1" [stack: 0x0000009cd2f00000,0x0000009cd3000000] [id=2828]
  0x000001f6f634e800 ConcurrentGCThread "G1 Main Marker" [stack: 0x0000009cd3300000,0x0000009cd3400000] [id=8308]
  0x000001f6f6353800 ConcurrentGCThread "G1 Marker#0" [stack: 0x0000009cd3400000,0x0000009cd3500000] [id=6204]
  0x000001f6f62e5800 ConcurrentGCThread "G1 Refine#0" [stack: 0x0000009cd3100000,0x0000009cd3200000] [id=10628]
  0x000001f6f62e0800 ConcurrentGCThread "G1 Refine#1" [stack: 0x0000009cd3000000,0x0000009cd3100000] [id=7980]
  0x000001f6f62e8000 ConcurrentGCThread "G1 Young RemSet Sampling" [stack: 0x0000009cd3200000,0x0000009cd3300000] [id=13416]

Threads with active compile tasks:

VM state:at safepoint (normal execution)

VM Mutex/Monitor currently owned by a thread:  ([mutex/lock_event])
[0x000001f6f62c5990] Threads_lock - owner thread: 0x000001f6ffeb1000
[0x000001f6f62c4c10] Heap_lock - owner thread: 0x000001f6975d5000

Heap address: 0x0000000081800000, size: 2024 MB, Compressed Oops mode: 32-bit
Narrow klass base: 0x0000000000000000, Narrow klass shift: 3
Compressed class space size: 1073741824 Address: 0x0000000100000000

Heap:
 garbage-first heap   total 245760K, used 21319K [0x0000000081800000, 0x0000000081900780, 0x0000000100000000)
  region size 1024K, 7 young (7168K), 7 survivors (7168K)
 Metaspace       used 34952K, capacity 37258K, committed 37504K, reserved 1081344K
  class space    used 4507K, capacity 4944K, committed 4992K, reserved 1048576K
Heap Regions: E=young(eden), S=young(survivor), O=old, HS=humongous(starts), HC=humongous(continues), CS=collection set, F=free, A=archive, TS=gc time stamp, AC=allocation context, TAMS=top-at-mark-start (previous, next)
|   0|0x0000000081800000, 0x0000000081900000, 0x0000000081900000|100%|HS|  |TS  0|AC  0|TAMS 0x0000000081900000, 0x0000000081900000|
|   1|0x0000000081900000, 0x0000000081a00000, 0x0000000081a00000|100%| O|  |TS  0|AC  0|TAMS 0x0000000081a00000, 0x0000000081a00000|
|   2|0x0000000081a00000, 0x0000000081b00000, 0x0000000081b00000|100%| O|  |TS  0|AC  0|TAMS 0x0000000081b00000, 0x0000000081b00000|
|   3|0x0000000081b00000, 0x0000000081c00000, 0x0000000081c00000|100%| O|  |TS  0|AC  0|TAMS 0x0000000081c00000, 0x0000000081c00000|
|   4|0x0000000081c00000, 0x0000000081d00000, 0x0000000081d00000|100%| O|  |TS  0|AC  0|TAMS 0x0000000081d00000, 0x0000000081d00000|
|   5|0x0000000081d00000, 0x0000000081e00000, 0x0000000081e00000|100%| O|  |TS  0|AC  0|TAMS 0x0000000081e00000, 0x0000000081e00000|
|   6|0x0000000081e00000, 0x0000000081f00000, 0x0000000081f00000|100%| O|  |TS  0|AC  0|TAMS 0x0000000081f00000, 0x0000000081f00000|
|   7|0x0000000081f00000, 0x0000000082000000, 0x0000000082000000|100%| O|  |TS  1|AC  0|TAMS 0x0000000081fa2400, 0x0000000081fa2400|
|   8|0x0000000082000000, 0x0000000082100000, 0x0000000082100000|100%| O|  |TS  1|AC  0|TAMS 0x0000000082000000, 0x0000000082000000|
|   9|0x0000000082100000, 0x0000000082200000, 0x0000000082200000|100%| O|  |TS  3|AC  0|TAMS 0x0000000082100000, 0x0000000082100000|
|  10|0x0000000082200000, 0x0000000082300000, 0x0000000082300000|100%| O|  |TS  3|AC  0|TAMS 0x0000000082200000, 0x0000000082200000|
|  11|0x0000000082300000, 0x0000000082400000, 0x0000000082400000|100%| O|  |TS  3|AC  0|TAMS 0x0000000082300000, 0x0000000082300000|
|  12|0x0000000082400000, 0x0000000082500000, 0x0000000082500000|100%| O|  |TS  3|AC  0|TAMS 0x0000000082400000, 0x0000000082400000|
|  13|0x0000000082500000, 0x0000000082600000, 0x0000000082600000|100%| O|  |TS  3|AC  0|TAMS 0x0000000082500000, 0x0000000082500000|
|  14|0x0000000082600000, 0x0000000082651e00, 0x0000000082700000| 31%| O|  |TS  3|AC  0|TAMS 0x0000000082600000, 0x0000000082600000|
|  15|0x0000000082700000, 0x0000000082700000, 0x0000000082800000|  0%| F|  |TS  0|AC  0|TAMS 0x0000000082700000, 0x0000000082700000|
|  16|0x0000000082800000, 0x0000000082800000, 0x0000000082900000|  0%| F|  |TS  0|AC  0|TAMS 0x0000000082800000, 0x0000000082800000|
|  17|0x0000000082900000, 0x0000000082900000, 0x0000000082a00000|  0%| F|  |TS  0|AC  0|TAMS 0x0000000082900000, 0x0000000082900000|
|  18|0x0000000082a00000, 0x0000000082a00000, 0x0000000082b00000|  0%| F|  |TS  0|AC  0|TAMS 0x0000000082a00000, 0x0000000082a00000|
|  19|0x0000000082b00000, 0x0000000082b00000, 0x0000000082c00000|  0%| F|  |TS  0|AC  0|TAMS 0x0000000082b00000, 0x0000000082b00000|
|  20|0x0000000082c00000, 0x0000000082c00000, 0x0000000082d00000|  0%| F|  |TS  0|AC  0|TAMS 0x0000000082c00000, 0x0000000082c00000|
|  21|0x0000000082d00000, 0x0000000082d00000, 0x0000000082e00000|  0%| F|  |TS  0|AC  0|TAMS 0x0000000082d00000, 0x0000000082d00000|
|  22|0x0000000082e00000, 0x0000000082e00000, 0x0000000082f00000|  0%| F|  |TS  0|AC  0|TAMS 0x0000000082e00000, 0x0000000082e00000|
|  23|0x0000000082f00000, 0x0000000082f00000, 0x0000000083000000|  0%| F|  |TS  0|AC  0|TAMS 0x0000000082f00000, 0x0000000082f00000|
|  24|0x0000000083000000, 0x0000000083000000, 0x0000000083100000|  0%| F|  |TS  0|AC  0|TAMS 0x0000000083000000, 0x0000000083000000|
|  25|0x0000000083100000, 0x0000000083100000, 0x0000000083200000|  0%| F|  |TS  0|AC  0|TAMS 0x0000000083100000, 0x0000000083100000|
|  26|0x0000000083200000, 0x0000000083200000, 0x0000000083300000|  0%| F|  |TS  0|AC  0|TAMS 0x0000000083200000, 0x0000000083200000|
|  27|0x0000000083300000, 0x0000000083300000, 0x0000000083400000|  0%| F|  |TS  0|AC  0|TAMS 0x0000000083300000, 0x0000000083300000|
|  28|0x0000000083400000, 0x0000000083400000, 0x0000000083500000|  0%| F|  |TS  0|AC  0|TAMS 0x0000000083400000, 0x0000000083400000|
|  29|0x0000000083500000, 0x0000000083500000, 0x0000000083600000|  0%| F|  |TS  0|AC  0|TAMS 0x0000000083500000, 0x0000000083500000|
|  30|0x0000000083600000, 0x0000000083600000, 0x0000000083700000|  0%| F|  |TS  0|AC  0|TAMS 0x0000000083600000, 0x0000000083600000|
|  31|0x0000000083700000, 0x0000000083700000, 0x0000000083800000|  0%| F|  |TS  0|AC  0|TAMS 0x0000000083700000, 0x0000000083700000|
|  32|0x0000000083800000, 0x0000000083800000, 0x0000000083900000|  0%| F|  |TS  0|AC  0|TAMS 0x0000000083800000, 0x0000000083800000|
|  33|0x0000000083900000, 0x0000000083900000, 0x0000000083a00000|  0%| F|  |TS  0|AC  0|TAMS 0x0000000083900000, 0x0000000083900000|
|  34|0x0000000083a00000, 0x0000000083a00000, 0x0000000083b00000|  0%| F|  |TS  0|AC  0|TAMS 0x0000000083a00000, 0x0000000083a00000|
|  35|0x0000000083b00000, 0x0000000083b00000, 0x0000000083c00000|  0%| F|  |TS  0|AC  0|TAMS 0x0000000083b00000, 0x0000000083b00000|
|  36|0x0000000083c00000, 0x0000000083c00000, 0x0000000083d00000|  0%| F|  |TS  0|AC  0|TAMS 0x0000000083c00000, 0x0000000083c00000|
|  37|0x0000000083d00000, 0x0000000083d00000, 0x0000000083e00000|  0%| F|  |TS  0|AC  0|TAMS 0x0000000083d00000, 0x0000000083d00000|
|  38|0x0000000083e00000, 0x0000000083e00000, 0x0000000083f00000|  0%| F|  |TS  0|AC  0|TAMS 0x0000000083e00000, 0x0000000083e00000|
|  39|0x0000000083f00000, 0x0000000083f00000, 0x0000000084000000|  0%| F|  |TS  0|AC  0|TAMS 0x0000000083f00000, 0x0000000083f00000|
|  40|0x0000000084000000, 0x0000000084000000, 0x0000000084100000|  0%| F|  |TS  0|AC  0|TAMS 0x0000000084000000, 0x0000000084000000|
|  41|0x0000000084100000, 0x0000000084100000, 0x0000000084200000|  0%| F|  |TS  0|AC  0|TAMS 0x0000000084100000, 0x0000000084100000|
|  42|0x0000000084200000, 0x0000000084200000, 0x0000000084300000|  0%| F|  |TS  0|AC  0|TAMS 0x0000000084200000, 0x0000000084200000|
|  43|0x0000000084300000, 0x0000000084300000, 0x0000000084400000|  0%| F|  |TS  0|AC  0|TAMS 0x0000000084300000, 0x0000000084300000|
|  44|0x0000000084400000, 0x0000000084400000, 0x0000000084500000|  0%| F|  |TS  0|AC  0|TAMS 0x0000000084400000, 0x0000000084400000|
|  45|0x0000000084500000, 0x0000000084500000, 0x0000000084600000|  0%| F|  |TS  0|AC  0|TAMS 0x0000000084500000, 0x0000000084500000|
|  46|0x0000000084600000, 0x0000000084600000, 0x0000000084700000|  0%| F|  |TS  0|AC  0|TAMS 0x0000000084600000, 0x0000000084600000|
|  47|0x0000000084700000, 0x0000000084700000, 0x0000000084800000|  0%| F|  |TS  0|AC  0|TAMS 0x0000000084700000, 0x0000000084700000|
|  48|0x0000000084800000, 0x0000000084800000, 0x0000000084900000|  0%| F|  |TS  0|AC  0|TAMS 0x0000000084800000, 0x0000000084800000|
|  49|0x0000000084900000, 0x0000000084900000, 0x0000000084a00000|  0%| F|  |TS  0|AC  0|TAMS 0x0000000084900000, 0x0000000084900000|
|  50|0x0000000084a00000, 0x0000000084a00000, 0x0000000084b00000|  0%| F|  |TS  0|AC  0|TAMS 0x0000000084a00000, 0x0000000084a00000|
|  51|0x0000000084b00000, 0x0000000084b00000, 0x0000000084c00000|  0%| F|  |TS  0|AC  0|TAMS 0x0000000084b00000, 0x0000000084b00000|
|  52|0x0000000084c00000, 0x0000000084c00000, 0x0000000084d00000|  0%| F|  |TS  3|AC  0|TAMS 0x0000000084c00000, 0x0000000084c00000|
|  53|0x0000000084d00000, 0x0000000084d00000, 0x0000000084e00000|  0%| F|  |TS  3|AC  0|TAMS 0x0000000084d00000, 0x0000000084d00000|
|  54|0x0000000084e00000, 0x0000000084e00000, 0x0000000084f00000|  0%| F|  |TS  1|AC  0|TAMS 0x0000000084e00000, 0x0000000084e00000|
|  55|0x0000000084f00000, 0x0000000084f00000, 0x0000000085000000|  0%| F|  |TS  1|AC  0|TAMS 0x0000000084f00000, 0x0000000084f00000|
|  56|0x0000000085000000, 0x0000000085000000, 0x0000000085100000|  0%| F|  |TS  1|AC  0|TAMS 0x0000000085000000, 0x0000000085000000|
|  57|0x0000000085100000, 0x0000000085180000, 0x0000000085200000| 50%| S|CS|TS  3|AC  0|TAMS 0x0000000085100000, 0x0000000085100000|
|  58|0x0000000085200000, 0x0000000085300000, 0x0000000085300000|100%| S|CS|TS  3|AC  0|TAMS 0x0000000085200000, 0x0000000085200000|
|  59|0x0000000085300000, 0x0000000085400000, 0x0000000085400000|100%| S|CS|TS  3|AC  0|TAMS 0x0000000085300000, 0x0000000085300000|
|  60|0x0000000085400000, 0x0000000085500000, 0x0000000085500000|100%| S|CS|TS  3|AC  0|TAMS 0x0000000085400000, 0x0000000085400000|
|  61|0x0000000085500000, 0x0000000085600000, 0x0000000085600000|100%| S|CS|TS  3|AC  0|TAMS 0x0000000085500000, 0x0000000085500000|
|  62|0x0000000085600000, 0x0000000085600000, 0x0000000085700000|  0%| F|  |TS  3|AC  0|TAMS 0x0000000085600000, 0x0000000085600000|
|  63|0x0000000085700000, 0x0000000085700000, 0x0000000085800000|  0%| F|  |TS  3|AC  0|TAMS 0x0000000085700000, 0x0000000085700000|
|  64|0x0000000085800000, 0x0000000085800000, 0x0000000085900000|  0%| F|  |TS  3|AC  0|TAMS 0x0000000085800000, 0x0000000085800000|
|  65|0x0000000085900000, 0x0000000085900000, 0x0000000085a00000|  0%| F|  |TS  3|AC  0|TAMS 0x0000000085900000, 0x0000000085900000|
|  66|0x0000000085a00000, 0x0000000085a00000, 0x0000000085b00000|  0%| F|  |TS  3|AC  0|TAMS 0x0000000085a00000, 0x0000000085a00000|
|  67|0x0000000085b00000, 0x0000000085b00000, 0x0000000085c00000|  0%| F|  |TS  3|AC  0|TAMS 0x0000000085b00000, 0x0000000085b00000|
|  68|0x0000000085c00000, 0x0000000085c00000, 0x0000000085d00000|  0%| F|  |TS  3|AC  0|TAMS 0x0000000085c00000, 0x0000000085c00000|
|  69|0x0000000085d00000, 0x0000000085d00000, 0x0000000085e00000|  0%| F|  |TS  3|AC  0|TAMS 0x0000000085d00000, 0x0000000085d00000|
|  70|0x0000000085e00000, 0x0000000085f00000, 0x0000000085f00000|100%| S|CS|TS  3|AC  0|TAMS 0x0000000085e00000, 0x0000000085e00000|
|  71|0x0000000085f00000, 0x0000000086000000, 0x0000000086000000|100%| S|CS|TS  3|AC  0|TAMS 0x0000000085f00000, 0x0000000085f00000|
|  72|0x0000000086000000, 0x0000000086000000, 0x0000000086100000|  0%| F|  |TS  3|AC  0|TAMS 0x0000000086000000, 0x0000000086000000|
|  73|0x0000000086100000, 0x0000000086100000, 0x0000000086200000|  0%| F|  |TS  3|AC  0|TAMS 0x0000000086100000, 0x0000000086100000|
|  74|0x0000000086200000, 0x0000000086200000, 0x0000000086300000|  0%| F|  |TS  3|AC  0|TAMS 0x0000000086200000, 0x0000000086200000|
|  75|0x0000000086300000, 0x0000000086300000, 0x0000000086400000|  0%| F|  |TS  3|AC  0|TAMS 0x0000000086300000, 0x0000000086300000|
|  76|0x0000000086400000, 0x0000000086400000, 0x0000000086500000|  0%| F|  |TS  3|AC  0|TAMS 0x0000000086400000, 0x0000000086400000|
|  77|0x0000000086500000, 0x0000000086500000, 0x0000000086600000|  0%| F|  |TS  3|AC  0|TAMS 0x0000000086500000, 0x0000000086500000|
|  78|0x0000000086600000, 0x0000000086600000, 0x0000000086700000|  0%| F|  |TS  3|AC  0|TAMS 0x0000000086600000, 0x0000000086600000|
|  79|0x0000000086700000, 0x0000000086700000, 0x0000000086800000|  0%| F|  |TS  3|AC  0|TAMS 0x0000000086700000, 0x0000000086700000|
|  80|0x0000000086800000, 0x0000000086800000, 0x0000000086900000|  0%| F|  |TS  3|AC  0|TAMS 0x0000000086800000, 0x0000000086800000|
|  81|0x0000000086900000, 0x0000000086900000, 0x0000000086a00000|  0%| F|  |TS  3|AC  0|TAMS 0x0000000086900000, 0x0000000086900000|
|  82|0x0000000086a00000, 0x0000000086a00000, 0x0000000086b00000|  0%| F|  |TS  3|AC  0|TAMS 0x0000000086a00000, 0x0000000086a00000|
|  83|0x0000000086b00000, 0x0000000086b00000, 0x0000000086c00000|  0%| F|  |TS  3|AC  0|TAMS 0x0000000086b00000, 0x0000000086b00000|
|  84|0x0000000086c00000, 0x0000000086c00000, 0x0000000086d00000|  0%| F|  |TS  3|AC  0|TAMS 0x0000000086c00000, 0x0000000086c00000|
|  85|0x0000000086d00000, 0x0000000086d00000, 0x0000000086e00000|  0%| F|  |TS  3|AC  0|TAMS 0x0000000086d00000, 0x0000000086d00000|
|  86|0x0000000086e00000, 0x0000000086e00000, 0x0000000086f00000|  0%| F|  |TS  3|AC  0|TAMS 0x0000000086e00000, 0x0000000086e00000|
|  87|0x0000000086f00000, 0x0000000086f00000, 0x0000000087000000|  0%| F|  |TS  3|AC  0|TAMS 0x0000000086f00000, 0x0000000086f00000|
|  88|0x0000000087000000, 0x0000000087000000, 0x0000000087100000|  0%| F|  |TS  3|AC  0|TAMS 0x0000000087000000, 0x0000000087000000|
|  89|0x0000000087100000, 0x0000000087100000, 0x0000000087200000|  0%| F|  |TS  3|AC  0|TAMS 0x0000000087100000, 0x0000000087100000|
|  90|0x0000000087200000, 0x0000000087200000, 0x0000000087300000|  0%| F|  |TS  3|AC  0|TAMS 0x0000000087200000, 0x0000000087200000|
|  91|0x0000000087300000, 0x0000000087300000, 0x0000000087400000|  0%| F|  |TS  3|AC  0|TAMS 0x0000000087300000, 0x0000000087300000|
|  92|0x0000000087400000, 0x0000000087400000, 0x0000000087500000|  0%| F|  |TS  3|AC  0|TAMS 0x0000000087400000, 0x0000000087400000|
|  93|0x0000000087500000, 0x0000000087500000, 0x0000000087600000|  0%| F|  |TS  3|AC  0|TAMS 0x0000000087500000, 0x0000000087500000|
|  94|0x0000000087600000, 0x0000000087600000, 0x0000000087700000|  0%| F|  |TS  3|AC  0|TAMS 0x0000000087600000, 0x0000000087600000|
|  95|0x0000000087700000, 0x0000000087700000, 0x0000000087800000|  0%| F|  |TS  3|AC  0|TAMS 0x0000000087700000, 0x0000000087700000|
|  96|0x0000000087800000, 0x0000000087800000, 0x0000000087900000|  0%| F|  |TS  3|AC  0|TAMS 0x0000000087800000, 0x0000000087800000|
|  97|0x0000000087900000, 0x0000000087900000, 0x0000000087a00000|  0%| F|  |TS  3|AC  0|TAMS 0x0000000087900000, 0x0000000087900000|
|  98|0x0000000087a00000, 0x0000000087a00000, 0x0000000087b00000|  0%| F|  |TS  3|AC  0|TAMS 0x0000000087a00000, 0x0000000087a00000|
|  99|0x0000000087b00000, 0x0000000087b00000, 0x0000000087c00000|  0%| F|  |TS  3|AC  0|TAMS 0x0000000087b00000, 0x0000000087b00000|
| 100|0x0000000087c00000, 0x0000000087c00000, 0x0000000087d00000|  0%| F|  |TS  3|AC  0|TAMS 0x0000000087c00000, 0x0000000087c00000|
| 101|0x0000000087d00000, 0x0000000087d00000, 0x0000000087e00000|  0%| F|  |TS  3|AC  0|TAMS 0x0000000087d00000, 0x0000000087d00000|
| 102|0x0000000087e00000, 0x0000000087e00000, 0x0000000087f00000|  0%| F|  |TS  3|AC  0|TAMS 0x0000000087e00000, 0x0000000087e00000|
| 103|0x0000000087f00000, 0x0000000087f00000, 0x0000000088000000|  0%| F|  |TS  3|AC  0|TAMS 0x0000000087f00000, 0x0000000087f00000|
| 104|0x0000000088000000, 0x0000000088000000, 0x0000000088100000|  0%| F|  |TS  3|AC  0|TAMS 0x0000000088000000, 0x0000000088000000|
| 105|0x0000000088100000, 0x0000000088100000, 0x0000000088200000|  0%| F|  |TS  3|AC  0|TAMS 0x0000000088100000, 0x0000000088100000|
| 106|0x0000000088200000, 0x0000000088200000, 0x0000000088300000|  0%| F|  |TS  3|AC  0|TAMS 0x0000000088200000, 0x0000000088200000|
| 107|0x0000000088300000, 0x0000000088300000, 0x0000000088400000|  0%| F|  |TS  3|AC  0|TAMS 0x0000000088300000, 0x0000000088300000|
| 108|0x0000000088400000, 0x0000000088400000, 0x0000000088500000|  0%| F|  |TS  3|AC  0|TAMS 0x0000000088400000, 0x0000000088400000|
| 109|0x0000000088500000, 0x0000000088500000, 0x0000000088600000|  0%| F|  |TS  3|AC  0|TAMS 0x0000000088500000, 0x0000000088500000|
| 110|0x0000000088600000, 0x0000000088600000, 0x0000000088700000|  0%| F|  |TS  3|AC  0|TAMS 0x0000000088600000, 0x0000000088600000|
| 111|0x0000000088700000, 0x0000000088700000, 0x0000000088800000|  0%| F|  |TS  3|AC  0|TAMS 0x0000000088700000, 0x0000000088700000|
| 112|0x0000000088800000, 0x0000000088800000, 0x0000000088900000|  0%| F|  |TS  3|AC  0|TAMS 0x0000000088800000, 0x0000000088800000|
| 113|0x0000000088900000, 0x0000000088900000, 0x0000000088a00000|  0%| F|  |TS  3|AC  0|TAMS 0x0000000088900000, 0x0000000088900000|
| 114|0x0000000088a00000, 0x0000000088a00000, 0x0000000088b00000|  0%| F|  |TS  3|AC  0|TAMS 0x0000000088a00000, 0x0000000088a00000|
| 115|0x0000000088b00000, 0x0000000088b00000, 0x0000000088c00000|  0%| F|  |TS  3|AC  0|TAMS 0x0000000088b00000, 0x0000000088b00000|
| 116|0x0000000088c00000, 0x0000000088c00000, 0x0000000088d00000|  0%| F|  |TS  3|AC  0|TAMS 0x0000000088c00000, 0x0000000088c00000|
| 117|0x0000000088d00000, 0x0000000088d00000, 0x0000000088e00000|  0%| F|  |TS  3|AC  0|TAMS 0x0000000088d00000, 0x0000000088d00000|
| 118|0x0000000088e00000, 0x0000000088e00000, 0x0000000088f00000|  0%| F|  |TS  3|AC  0|TAMS 0x0000000088e00000, 0x0000000088e00000|
| 119|0x0000000088f00000, 0x0000000088f00000, 0x0000000089000000|  0%| F|  |TS  3|AC  0|TAMS 0x0000000088f00000, 0x0000000088f00000|
| 120|0x0000000089000000, 0x0000000089000000, 0x0000000089100000|  0%| F|  |TS  3|AC  0|TAMS 0x0000000089000000, 0x0000000089000000|
| 121|0x0000000089100000, 0x0000000089100000, 0x0000000089200000|  0%| F|  |TS  3|AC  0|TAMS 0x0000000089100000, 0x0000000089100000|
| 122|0x0000000089200000, 0x0000000089200000, 0x0000000089300000|  0%| F|  |TS  3|AC  0|TAMS 0x0000000089200000, 0x0000000089200000|
| 123|0x0000000089300000, 0x0000000089300000, 0x0000000089400000|  0%| F|  |TS  3|AC  0|TAMS 0x0000000089300000, 0x0000000089300000|
| 124|0x0000000089400000, 0x0000000089400000, 0x0000000089500000|  0%| F|  |TS  3|AC  0|TAMS 0x0000000089400000, 0x0000000089400000|
| 125|0x0000000089500000, 0x0000000089500000, 0x0000000089600000|  0%| F|  |TS  3|AC  0|TAMS 0x0000000089500000, 0x0000000089500000|
| 126|0x0000000089600000, 0x0000000089600000, 0x0000000089700000|  0%| F|  |TS  3|AC  0|TAMS 0x0000000089600000, 0x0000000089600000|
| 127|0x0000000089700000, 0x0000000089700000, 0x0000000089800000|  0%| F|  |TS  3|AC  0|TAMS 0x0000000089700000, 0x0000000089700000|
| 128|0x0000000089800000, 0x0000000089800000, 0x0000000089900000|  0%| F|  |TS  3|AC  0|TAMS 0x0000000089800000, 0x0000000089800000|
| 129|0x0000000089900000, 0x0000000089900000, 0x0000000089a00000|  0%| F|  |TS  3|AC  0|TAMS 0x0000000089900000, 0x0000000089900000|
| 130|0x0000000089a00000, 0x0000000089a00000, 0x0000000089b00000|  0%| F|  |TS  3|AC  0|TAMS 0x0000000089a00000, 0x0000000089a00000|
| 131|0x0000000089b00000, 0x0000000089b00000, 0x0000000089c00000|  0%| F|  |TS  3|AC  0|TAMS 0x0000000089b00000, 0x0000000089b00000|
| 132|0x0000000089c00000, 0x0000000089c00000, 0x0000000089d00000|  0%| F|  |TS  3|AC  0|TAMS 0x0000000089c00000, 0x0000000089c00000|
| 133|0x0000000089d00000, 0x0000000089d00000, 0x0000000089e00000|  0%| F|  |TS  3|AC  0|TAMS 0x0000000089d00000, 0x0000000089d00000|
| 134|0x0000000089e00000, 0x0000000089e00000, 0x0000000089f00000|  0%| F|  |TS  3|AC  0|TAMS 0x0000000089e00000, 0x0000000089e00000|
| 135|0x0000000089f00000, 0x0000000089f00000, 0x000000008a000000|  0%| F|  |TS  3|AC  0|TAMS 0x0000000089f00000, 0x0000000089f00000|
| 136|0x000000008a000000, 0x000000008a000000, 0x000000008a100000|  0%| F|  |TS  3|AC  0|TAMS 0x000000008a000000, 0x000000008a000000|
| 137|0x000000008a100000, 0x000000008a100000, 0x000000008a200000|  0%| F|  |TS  3|AC  0|TAMS 0x000000008a100000, 0x000000008a100000|
| 138|0x000000008a200000, 0x000000008a200000, 0x000000008a300000|  0%| F|  |TS  3|AC  0|TAMS 0x000000008a200000, 0x000000008a200000|
| 139|0x000000008a300000, 0x000000008a300000, 0x000000008a400000|  0%| F|  |TS  3|AC  0|TAMS 0x000000008a300000, 0x000000008a300000|
| 140|0x000000008a400000, 0x000000008a400000, 0x000000008a500000|  0%| F|  |TS  3|AC  0|TAMS 0x000000008a400000, 0x000000008a400000|
| 141|0x000000008a500000, 0x000000008a500000, 0x000000008a600000|  0%| F|  |TS  3|AC  0|TAMS 0x000000008a500000, 0x000000008a500000|
| 142|0x000000008a600000, 0x000000008a600000, 0x000000008a700000|  0%| F|  |TS  3|AC  0|TAMS 0x000000008a600000, 0x000000008a600000|
| 143|0x000000008a700000, 0x000000008a700000, 0x000000008a800000|  0%| F|  |TS  3|AC  0|TAMS 0x000000008a700000, 0x000000008a700000|
| 144|0x000000008a800000, 0x000000008a800000, 0x000000008a900000|  0%| F|  |TS  3|AC  0|TAMS 0x000000008a800000, 0x000000008a800000|
| 145|0x000000008a900000, 0x000000008a900000, 0x000000008aa00000|  0%| F|  |TS  3|AC  0|TAMS 0x000000008a900000, 0x000000008a900000|
| 146|0x000000008aa00000, 0x000000008aa00000, 0x000000008ab00000|  0%| F|  |TS  3|AC  0|TAMS 0x000000008aa00000, 0x000000008aa00000|
| 147|0x000000008ab00000, 0x000000008ab00000, 0x000000008ac00000|  0%| F|  |TS  3|AC  0|TAMS 0x000000008ab00000, 0x000000008ab00000|
| 148|0x000000008ac00000, 0x000000008ac00000, 0x000000008ad00000|  0%| F|  |TS  3|AC  0|TAMS 0x000000008ac00000, 0x000000008ac00000|
| 149|0x000000008ad00000, 0x000000008ad00000, 0x000000008ae00000|  0%| F|  |TS  3|AC  0|TAMS 0x000000008ad00000, 0x000000008ad00000|
| 150|0x000000008ae00000, 0x000000008ae00000, 0x000000008af00000|  0%| F|  |TS  3|AC  0|TAMS 0x000000008ae00000, 0x000000008ae00000|
| 151|0x000000008af00000, 0x000000008af00000, 0x000000008b000000|  0%| F|  |TS  3|AC  0|TAMS 0x000000008af00000, 0x000000008af00000|
| 152|0x000000008b000000, 0x000000008b000000, 0x000000008b100000|  0%| F|  |TS  3|AC  0|TAMS 0x000000008b000000, 0x000000008b000000|
| 153|0x000000008b100000, 0x000000008b100000, 0x000000008b200000|  0%| F|  |TS  3|AC  0|TAMS 0x000000008b100000, 0x000000008b100000|

Card table byte_map: [0x000001f6ff260000,0x000001f6ff660000] byte_map_base: 0x000001f6fee54000

Marking Bits (Prev, Next): (CMBitMap*) 0x000001f6f634de00, (CMBitMap*) 0x000001f6f634de38
 Prev Bits: [0x000001f68f000000, 0x000001f690fa0000)
 Next Bits: [0x000001f690fa0000, 0x000001f692f40000)

Polling page: 0x000001f6f61c0000

CodeHeap 'non-profiled nmethods': size=239488Kb used=5788Kb max_used=5788Kb free=233699Kb
 bounds [0x000001f680620000, 0x000001f680bd0000, 0x000001f68f000000]
CodeHeap 'non-nmethods': size=6272Kb used=1882Kb max_used=1882Kb free=4389Kb
 bounds [0x000001f680000000, 0x000001f680270000, 0x000001f680620000]
 total_blobs=4194 nmethods=3656 adapters=446
 compilation: enabled

Compilation events (10 events):
Event: 2.616 Thread 0x000001f6fff17800 nmethod 3652 0x000001f680bc5390 code [0x000001f680bc5540, 0x000001f680bc5650]
Event: 2.616 Thread 0x000001f6ffefa000 nmethod 3651 0x000001f680bc5710 code [0x000001f680bc5920, 0x000001f680bc5eb0]
Event: 2.624 Thread 0x000001f6fff17800 3653   !   1       com.sun.proxy.$Proxy38::annotationType (29 bytes)
Event: 2.624 Thread 0x000001f6fff17800 nmethod 3653 0x000001f680bc6190 code [0x000001f680bc6360, 0x000001f680bc6580]
Event: 2.627 Thread 0x000001f6ffefa000 3654       1       java.util.LinkedHashSet::<init> (9 bytes)
Event: 2.627 Thread 0x000001f6ffefa000 nmethod 3654 0x000001f680bc6690 code [0x000001f680bc6860, 0x000001f680bc6a70]
Event: 2.627 Thread 0x000001f6fff17800 3655       1       org.springframework.core.io.UrlResource::getURL (5 bytes)
Event: 2.627 Thread 0x000001f6fff17800 nmethod 3655 0x000001f680bc6b90 code [0x000001f680bc6d40, 0x000001f680bc6e58]
Event: 2.642 Thread 0x000001f6ffefa000 3656       1       java.util.Calendar::internalGet (7 bytes)
Event: 2.642 Thread 0x000001f6ffefa000 nmethod 3656 0x000001f680bc6f10 code [0x000001f680bc70c0, 0x000001f680bc71f8]

GC Heap History (10 events):
Event: 0.991 GC heap after
{Heap after GC invocations=4 (full 0):
 garbage-first heap   total 131072K, used 9176K [0x0000000081800000, 0x0000000081900400, 0x0000000100000000)
  region size 1024K, 2 young (2048K), 2 survivors (2048K)
 Metaspace       used 12775K, capacity 13386K, committed 13568K, reserved 1060864K
  class space    used 1548K, capacity 1690K, committed 1792K, reserved 1048576K
}
Event: 1.090 GC heap before
{Heap before GC invocations=4 (full 0):
 garbage-first heap   total 131072K, used 29656K [0x0000000081800000, 0x0000000081900400, 0x0000000100000000)
  region size 1024K, 22 young (22528K), 2 survivors (2048K)
 Metaspace       used 15338K, capacity 16188K, committed 16512K, reserved 1062912K
  class space    used 1892K, capacity 2065K, committed 2176K, reserved 1048576K
}
Event: 1.096 GC heap after
{Heap after GC invocations=5 (full 0):
 garbage-first heap   total 157696K, used 10351K [0x0000000081800000, 0x00000000819004d0, 0x0000000100000000)
  region size 1024K, 3 young (3072K), 3 survivors (3072K)
 Metaspace       used 15338K, capacity 16188K, committed 16512K, reserved 1062912K
  class space    used 1892K, capacity 2065K, committed 2176K, reserved 1048576K
}
Event: 1.323 GC heap before
{Heap before GC invocations=5 (full 0):
 garbage-first heap   total 157696K, used 74863K [0x0000000081800000, 0x00000000819004d0, 0x0000000100000000)
  region size 1024K, 67 young (68608K), 3 survivors (3072K)
 Metaspace       used 20084K, capacity 21264K, committed 21296K, reserved 1067008K
  class space    used 2677K, capacity 2925K, committed 2944K, reserved 1048576K
}
Event: 1.334 GC heap after
{Heap after GC invocations=6 (full 0):
 garbage-first heap   total 157696K, used 13961K [0x0000000081800000, 0x00000000819004d0, 0x0000000100000000)
  region size 1024K, 6 young (6144K), 6 survivors (6144K)
 Metaspace       used 20084K, capacity 21264K, committed 21296K, reserved 1067008K
  class space    used 2677K, capacity 2925K, committed 2944K, reserved 1048576K
}
Event: 1.647 GC heap before
{Heap before GC invocations=7 (full 0):
 garbage-first heap   total 157696K, used 102025K [0x0000000081800000, 0x00000000819004d0, 0x0000000100000000)
  region size 1024K, 92 young (94208K), 6 survivors (6144K)
 Metaspace       used 23669K, capacity 25066K, committed 25216K, reserved 1071104K
  class space    used 3122K, capacity 3424K, committed 3456K, reserved 1048576K
}
Event: 1.659 GC heap after
{Heap after GC invocations=8 (full 0):
 garbage-first heap   total 157696K, used 15470K [0x0000000081800000, 0x00000000819004d0, 0x0000000100000000)
  region size 1024K, 8 young (8192K), 8 survivors (8192K)
 Metaspace       used 23669K, capacity 25066K, committed 25216K, reserved 1071104K
  class space    used 3122K, capacity 3424K, committed 3456K, reserved 1048576K
}
Event: 2.257 GC heap before
{Heap before GC invocations=9 (full 0):
 garbage-first heap   total 157696K, used 101486K [0x0000000081800000, 0x00000000819004d0, 0x0000000100000000)
  region size 1024K, 92 young (94208K), 8 survivors (8192K)
 Metaspace       used 29341K, capacity 31562K, committed 31872K, reserved 1077248K
  class space    used 3967K, capacity 4388K, committed 4480K, reserved 1048576K
}
Event: 2.274 GC heap after
{Heap after GC invocations=10 (full 0):
 garbage-first heap   total 157696K, used 20319K [0x0000000081800000, 0x00000000819004d0, 0x0000000100000000)
  region size 1024K, 10 young (10240K), 10 survivors (10240K)
 Metaspace       used 29341K, capacity 31562K, committed 31872K, reserved 1077248K
  class space    used 3967K, capacity 4388K, committed 4480K, reserved 1048576K
}
Event: 2.655 GC heap before
{Heap before GC invocations=10 (full 0):
 garbage-first heap   total 157696K, used 104287K [0x0000000081800000, 0x00000000819004d0, 0x0000000100000000)
  region size 1024K, 92 young (94208K), 10 survivors (10240K)
 Metaspace       used 34952K, capacity 37258K, committed 37504K, reserved 1081344K
  class space    used 4507K, capacity 4944K, committed 4992K, reserved 1048576K
}

Deoptimization events (0 events):
No events

Classes redefined (0 events):
No events

Internal exceptions (10 events):
Event: 2.466 Thread 0x000001f6f62c7000 Implicit null exception at 0x000001f6808d3ced to 0x000001f6808d3fd1
Event: 2.466 Thread 0x000001f6f62c7000 Exception <a 'java/lang/NullPointerException'{0x0000000087917298}> (0x0000000087917298) thrown at [t:/workspace/hotspot/src/share/vm/runtime/sharedRuntime.cpp, line 606]
Event: 2.466 Thread 0x000001f6f62c7000 Implicit null exception at 0x000001f6808d3ced to 0x000001f6808d3fd1
Event: 2.466 Thread 0x000001f6f62c7000 Exception <a 'java/lang/NullPointerException'{0x00000000879180a8}> (0x00000000879180a8) thrown at [t:/workspace/hotspot/src/share/vm/runtime/sharedRuntime.cpp, line 606]
Event: 2.466 Thread 0x000001f6f62c7000 Implicit null exception at 0x000001f6808d3ced to 0x000001f6808d3fd1
Event: 2.466 Thread 0x000001f6f62c7000 Exception <a 'java/lang/NullPointerException'{0x0000000087918ea8}> (0x0000000087918ea8) thrown at [t:/workspace/hotspot/src/share/vm/runtime/sharedRuntime.cpp, line 606]
Event: 2.467 Thread 0x000001f6f62c7000 Implicit null exception at 0x000001f6808d3ced to 0x000001f6808d3fd1
Event: 2.467 Thread 0x000001f6f62c7000 Exception <a 'java/lang/NullPointerException'{0x0000000087919cf8}> (0x0000000087919cf8) thrown at [t:/workspace/hotspot/src/share/vm/runtime/sharedRuntime.cpp, line 606]
Event: 2.557 Thread 0x000001f6f62c7000 Exception <a 'java/lang/NoSuchMethodError'{0x0000000086c8d818}: java.lang.invoke.DirectMethodHandle$Holder.invokeStaticInit(Ljava/lang/Object;Ljava/lang/Object;Ljava/lang/Object;Ljava/lang/Object;)Ljava/lang/Object;> (0x0000000086c8d818) thrown at [t:/wor
Event: 2.584 Thread 0x000001f6f62c7000 Exception <a 'java/io/FileNotFoundException'{0x00000000869dbd08}> (0x00000000869dbd08) thrown at [t:/workspace/hotspot/src/share/vm/prims/jni.cpp, line 604]

Events (10 events):
Event: 2.653 loading class org/hibernate/internal/CoreMessageLogger_$logger_en_US
Event: 2.653 loading class org/hibernate/internal/CoreMessageLogger_$logger_en_US done
Event: 2.653 loading class org/hibernate/internal/CoreMessageLogger_$logger_en
Event: 2.653 loading class org/hibernate/internal/CoreMessageLogger_$logger_en done
Event: 2.653 loading class org/hibernate/boot/registry/classloading/internal/AggregatedServiceLoader$ClassPathAndModulePathAggregatedServiceLoader
Event: 2.653 loading class org/hibernate/boot/registry/classloading/internal/AggregatedServiceLoader$ClassPathAndModulePathAggregatedServiceLoader done
Event: 2.654 loading class org/hibernate/boot/registry/classloading/internal/AggregatedClassLoader$2
Event: 2.654 loading class org/hibernate/boot/registry/classloading/internal/AggregatedClassLoader$2 done
Event: 2.654 Thread 0x000001f6975d5000 Thread added: 0x000001f6975d5000
Event: 2.654 Executing VM operation: G1IncCollectionPause


Dynamic libraries:
0x00007ff6c9830000 - 0x00007ff6c986e000 	C:\Program Files\Java\jre-9.0.1\bin\javaw.exe
0x00007ffa6fcc0000 - 0x00007ffa6fea1000 	C:\Windows\SYSTEM32\ntdll.dll
0x00007ffa6d7c0000 - 0x00007ffa6d871000 	C:\Windows\System32\KERNEL32.DLL
0x00007ffa6cdb0000 - 0x00007ffa6d023000 	C:\Windows\System32\KERNELBASE.dll
0x00007ffa6f180000 - 0x00007ffa6f221000 	C:\Windows\System32\ADVAPI32.dll
0x00007ffa6f080000 - 0x00007ffa6f11e000 	C:\Windows\System32\msvcrt.dll
0x00007ffa6ef30000 - 0x00007ffa6ef8b000 	C:\Windows\System32\sechost.dll
0x00007ffa6f6b0000 - 0x00007ffa6f7d4000 	C:\Windows\System32\RPCRT4.dll
0x00007ffa6f520000 - 0x00007ffa6f6b0000 	C:\Windows\System32\USER32.dll
0x00007ffa6d120000 - 0x00007ffa6d140000 	C:\Windows\System32\win32u.dll
0x00007ffa6d520000 - 0x00007ffa6d548000 	C:\Windows\System32\GDI32.dll
0x00007ffa6c480000 - 0x00007ffa6c611000 	C:\Windows\System32\gdi32full.dll
0x00007ffa6d080000 - 0x00007ffa6d11f000 	C:\Windows\System32\msvcp_win.dll
0x00007ffa6c320000 - 0x00007ffa6c418000 	C:\Windows\System32\ucrtbase.dll
0x00007ffa58860000 - 0x00007ffa58ac9000 	C:\Windows\WinSxS\amd64_microsoft.windows.common-controls_6595b64144ccf1df_6.0.17134.1304_none_d3fbe61b7c93d9f0\COMCTL32.dll
0x00007ffa6d140000 - 0x00007ffa6d461000 	C:\Windows\System32\combase.dll
0x00007ffa6cd30000 - 0x00007ffa6cda9000 	C:\Windows\System32\bcryptPrimitives.dll
0x00007ffa6af40000 - 0x00007ffa6af4a000 	C:\Windows\SYSTEM32\VERSION.dll
0x00007ffa6d950000 - 0x00007ffa6d97d000 	C:\Windows\System32\IMM32.DLL
0x000001f6f61f0000 - 0x000001f6f6202000 	C:\Windows\System32\umppc10904.dll
0x00007ffa6bdf0000 - 0x00007ffa6be20000 	C:\Windows\system32\vmwsci.dll
0x00007ffa6d610000 - 0x00007ffa6d618000 	C:\Windows\System32\PSAPI.DLL
0x00007ffa53e60000 - 0x00007ffa53f4f000 	C:\Program Files\Java\jre-9.0.1\bin\msvcr120.dll
0x00007ffa545b0000 - 0x00007ffa54656000 	C:\Program Files\Java\jre-9.0.1\bin\msvcp120.dll
0x0000000058880000 - 0x00000000592a4000 	C:\Program Files\Java\jre-9.0.1\bin\server\jvm.dll
0x00007ffa64690000 - 0x00007ffa64699000 	C:\Windows\SYSTEM32\WSOCK32.dll
0x00007ffa6da70000 - 0x00007ffa6dadc000 	C:\Windows\System32\WS2_32.dll
0x00007ffa64660000 - 0x00007ffa64683000 	C:\Windows\SYSTEM32\WINMM.dll
0x00007ffa64630000 - 0x00007ffa6465a000 	C:\Windows\SYSTEM32\WINMMBASE.dll
0x00007ffa6d030000 - 0x00007ffa6d079000 	C:\Windows\System32\cfgmgr32.dll
0x00007ffa67cd0000 - 0x00007ffa67cdf000 	C:\Program Files\Java\jre-9.0.1\bin\verify.dll
0x00007ffa64570000 - 0x00007ffa64597000 	C:\Program Files\Java\jre-9.0.1\bin\java.dll
0x00007ffa64f80000 - 0x00007ffa64f96000 	C:\Program Files\Java\jre-9.0.1\bin\zip.dll
0x00007ffa67c90000 - 0x00007ffa67c9a000 	C:\Program Files\Java\jre-9.0.1\bin\jimage.dll
0x00007ffa6dae0000 - 0x00007ffa6ef25000 	C:\Windows\System32\SHELL32.dll
0x00007ffa6d470000 - 0x00007ffa6d519000 	C:\Windows\System32\shcore.dll
0x00007ffa6c620000 - 0x00007ffa6cd30000 	C:\Windows\System32\windows.storage.dll
0x00007ffa6f120000 - 0x00007ffa6f171000 	C:\Windows\System32\shlwapi.dll
0x00007ffa6bfe0000 - 0x00007ffa6bff1000 	C:\Windows\System32\kernel.appcore.dll
0x00007ffa6c060000 - 0x00007ffa6c07f000 	C:\Windows\System32\profapi.dll
0x00007ffa6c010000 - 0x00007ffa6c05c000 	C:\Windows\System32\powrprof.dll
0x00007ffa6c000000 - 0x00007ffa6c00a000 	C:\Windows\System32\FLTLIB.DLL
0x00007ffa63f50000 - 0x00007ffa63f6a000 	C:\Program Files\Java\jre-9.0.1\bin\net.dll
0x00007ffa67150000 - 0x00007ffa6722d000 	C:\Windows\SYSTEM32\WINHTTP.dll
0x00007ffa6b810000 - 0x00007ffa6b876000 	C:\Windows\system32\mswsock.dll
0x00007ffa63bb0000 - 0x00007ffa63bc1000 	C:\Program Files\Java\jre-9.0.1\bin\nio.dll
0x00007ffa678f0000 - 0x00007ffa678f9000 	C:\Program Files\Java\jre-9.0.1\bin\management.dll
0x00007ffa63fc0000 - 0x00007ffa63fca000 	C:\Program Files\Java\jre-9.0.1\bin\management_ext.dll
0x00007ffa64340000 - 0x00007ffa64356000 	C:\Windows\system32\napinsp.dll
0x00007ffa64360000 - 0x00007ffa6437a000 	C:\Windows\system32\pnrpnsp.dll
0x00007ffa67770000 - 0x00007ffa67789000 	C:\Windows\system32\NLAapi.dll
0x00007ffa6b5f0000 - 0x00007ffa6b6ae000 	C:\Windows\SYSTEM32\DNSAPI.dll
0x00007ffa6f3b0000 - 0x00007ffa6f3b8000 	C:\Windows\System32\NSI.dll
0x00007ffa6b500000 - 0x00007ffa6b538000 	C:\Windows\SYSTEM32\IPHLPAPI.DLL
0x00007ffa64380000 - 0x00007ffa6438e000 	C:\Windows\System32\winrnr.dll
0x00007ffa659c0000 - 0x00007ffa659ca000 	C:\Windows\System32\rasadhlp.dll
0x00007ffa68420000 - 0x00007ffa68492000 	C:\Windows\System32\fwpuclnt.dll
0x00007ffa6baf0000 - 0x00007ffa6bb15000 	C:\Windows\SYSTEM32\bcrypt.dll
0x00007ffa6b9c0000 - 0x00007ffa6b9d7000 	C:\Windows\SYSTEM32\CRYPTSP.dll
0x00007ffa6b130000 - 0x00007ffa6b163000 	C:\Windows\system32\rsaenh.dll
0x00007ffa6bec0000 - 0x00007ffa6bee8000 	C:\Windows\SYSTEM32\USERENV.dll
0x00007ffa6b9e0000 - 0x00007ffa6b9eb000 	C:\Windows\SYSTEM32\CRYPTBASE.dll
0x00007ffa681c0000 - 0x00007ffa681d6000 	C:\Windows\SYSTEM32\dhcpcsvc6.DLL
0x00007ffa67fd0000 - 0x00007ffa67fea000 	C:\Windows\SYSTEM32\dhcpcsvc.DLL
0x00007ffa667e0000 - 0x00007ffa669a9000 	C:\Windows\SYSTEM32\dbghelp.dll

VM Arguments:
jvm_args: -Dcom.sun.management.jmxremote -Dcom.sun.management.jmxremote.port=50899 -Dcom.sun.management.jmxremote.authenticate=false -Dcom.sun.management.jmxremote.ssl=false -Djava.rmi.server.hostname=localhost -Dspring.jmx.enabled=true -Dspring.liveBeansView.mbeanDomain -Dspring.application.admin.enabled=true -Xverify:none -XX:TieredStopAtLevel=1 -Dspring.boot.project.name=creditcardservice -Dfile.encoding=UTF-8 
java_command: com.example.creditcardservice.CreditCardServiceApplication --spring.output.ansi.enabled=always
java_class_path (initial): D:\Users\1837440\Documents\workspace-sts-3.9.11.RELEASE\creditcardservice\creditcardservice\target\classes;D:\sts-bundle\sts-3.9.11.RELEASE\plugins\org.junit.jupiter.api_5.5.1.v20190826-0900.jar;D:\sts-bundle\sts-3.9.11.RELEASE\plugins\org.junit.jupiter.engine_5.5.1.v20190826-0900.jar;D:\sts-bundle\sts-3.9.11.RELEASE\plugins\org.junit.jupiter.migrationsupport_5.5.1.v20190826-0900.jar;D:\sts-bundle\sts-3.9.11.RELEASE\plugins\org.junit.jupiter.params_5.5.1.v20190826-0900.jar;D:\sts-bundle\sts-3.9.11.RELEASE\plugins\org.junit.platform.commons_1.5.1.v20190826-0900.jar;D:\sts-bundle\sts-3.9.11.RELEASE\plugins\org.junit.platform.engine_1.5.1.v20190826-0900.jar;D:\sts-bundle\sts-3.9.11.RELEASE\plugins\org.junit.platform.launcher_1.5.1.v20190826-0900.jar;D:\sts-bundle\sts-3.9.11.RELEASE\plugins\org.junit.platform.runner_1.5.1.v20190826-0900.jar;D:\sts-bundle\sts-3.9.11.RELEASE\plugins\org.junit.platform.suite.api_1.5.1.v20190826-0900.jar;D:\sts-bundle\sts-3.9.11.RELEASE\plugins\org.junit.vintage.engine_5.5.1.v20190826-0900.jar;D:\sts-bundle\sts-3.9.11.RELEASE\plugins\org.opentest4j_1.2.0.v20190826-0900.jar;D:\sts-bundle\sts-3.9.11.RELEASE\plugins\org.apiguardian_1.1.0.v20190826-0900.jar;D:\sts-bundle\sts-3.9.11.RELEASE\plugins\org.junit_4.12.0.v201504281640\junit.jar;D:\sts-bundle\sts-3.9.11.RELEASE\plugins\org.hamcrest.core_1.3.0.v20180420-1519.jar;D:\Users\1837440\.m2\repository\org\springframework\boot\spring-boot-starter-data-jpa\2.2.4.RELEASE\spring-boot-starter-data-jpa-2.2.4.RELEASE.jar;D:\Users\1837440\.m2\repository\org\springframework\boot\spring-boot-starter-aop\2.2.4.RELEASE\spring-boot-starter-aop-2.2.4.RELEASE.jar;D:\Users\1837440\.m2\repository\org\springframework\spring-aop\5.2.3.RELEASE\spring-aop-5.2.3.RELEASE.jar;D:\Users\1837440\.m2\repository\org\aspectj\aspectjweaver\1.9.5\aspectjweaver-1.9.5.jar;D:\Users\1837440\.m2\repository\org\springframework\boot\spring-boot-starter-jdbc\2.2.4.RELEASE\spring-boot-starter-jdbc-2.2.4.RE
Launcher Type: SUN_STANDARD

Logging:
Log output configuration:
#0: stdout all=warning uptime,level,tags
#1: stderr all=off uptime,level,tags

Environment Variables:
PATH=C:\Program Files (x86)\RSA SecurID Token Common;C:\Program Files\RSA SecurID Token Common;C:\ProgramData\Oracle\Java\javapath;C:\Windows\system32;C:\Windows;C:\Windows\System32\Wbem;C:\Windows\System32\WindowsPowerShell\v1.0\;C:\Windows\System32\OpenSSH\;C:\Program Files\Common Files\ThinPrint\;D:\Users\1837440\AppData\Local\Microsoft\WindowsApps;
USERNAME=1837440
OS=Windows_NT
PROCESSOR_IDENTIFIER=Intel64 Family 6 Model 85 Stepping 4, GenuineIntel



---------------  S Y S T E M  ---------------

OS: Windows 10 , 64 bit Build 17134 (10.0.17134.753)

CPU:total 2 (initial active 2) (2 cores per cpu, 1 threads per core) family 6 model 85 stepping 4, cmov, cx8, fxsr, mmx, sse, sse2, sse3, ssse3, sse4.1, sse4.2, popcnt, avx, avx2, aes, clmul, erms, 3dnowpref, lzcnt, tsc, tscinvbit, bmi1, bmi2, adx, fma

Memory: 4k page, physical 8285748k(2298352k free), swap 8809740k(35112k free)

vm_info: Java HotSpot(TM) 64-Bit Server VM (9.0.1+11) for windows-amd64 JRE (9.0.1+11), built on Sep 28 2017 04:54:03 by "mach5one" with MS VC++ 12.0 (VS2013)

END.
